<?xml version="1.0" encoding="UTF-8"?>
<!-- Generated by org.testng.reporters.JUnitReportReporter -->
<testsuite skipped="0" hostname="DESKTOP-MBCOM89" name="seleniumTestNG.TestNGUsingTwoBrowsersOneTestCase" tests="1" failures="0" timestamp="2020-07-15T15:10:02 CDT" time="11.677" errors="0">
  <testcase name="logIn" time="11.677" classname="seleniumTestNG.TestNGUsingTwoBrowsersOneTestCase"/>
  <system-out/>
</testsuite> <!-- seleniumTestNG.TestNGUsingTwoBrowsersOneTestCase -->
