<?xml version="1.0" encoding="UTF-8"?>
<!-- Generated by org.testng.reporters.JUnitReportReporter -->
<testsuite skipped="0" hostname="DESKTOP-MBCOM89" name="seleniumModularFrameWorkTestNG.ModularFrameWorkUsingTestNGLoginTestCase" tests="1" failures="0" timestamp="2020-08-11T16:52:07 CDT" time="11.463" errors="0">
  <testcase name="logIn" time="11.463" classname="seleniumModularFrameWorkTestNG.ModularFrameWorkUsingTestNGLoginTestCase"/>
  <system-out/>
</testsuite> <!-- seleniumModularFrameWorkTestNG.ModularFrameWorkUsingTestNGLoginTestCase -->
