<?xml version="1.0" encoding="UTF-8"?>
<!-- Generated by org.testng.reporters.JUnitReportReporter -->
<testsuite skipped="0" hostname="DESKTOP-MBCOM89" name="seleniumTestNG.TestNGUsingTwoBrowsers" tests="1" failures="0" timestamp="2020-07-15T15:01:49 CDT" time="12.746" errors="0">
  <testcase name="logIn" time="12.746" classname="seleniumTestNG.TestNGUsingTwoBrowsers"/>
  <system-out/>
</testsuite> <!-- seleniumTestNG.TestNGUsingTwoBrowsers -->
