<?xml version="1.0" encoding="UTF-8"?>
<!-- Generated by org.testng.reporters.JUnitReportReporter -->
<testsuite skipped="0" hostname="DESKTOP-MBCOM89" name="seleniumModularFrameWorkTestNG.ModularFrameworkUsingTestNGUsingBeforeMethod" tests="1" failures="0" timestamp="2020-08-11T16:54:45 CDT" time="14.905" errors="0">
  <testcase name="logInAndAddcontact" time="14.905" classname="seleniumModularFrameWorkTestNG.ModularFrameworkUsingTestNGUsingBeforeMethod"/>
  <system-out/>
</testsuite> <!-- seleniumModularFrameWorkTestNG.ModularFrameworkUsingTestNGUsingBeforeMethod -->
